[0.486s] DEBUG:colcon:Command line arguments: ['/usr/bin/colcon', 'build']
[0.486s] DEBUG:colcon:Parsed command line arguments: Namespace(log_base=None, log_level=None, verb_name='build', build_base='build', install_base='install', merge_install=False, symlink_install=False, test_result_base=None, continue_on_error=False, executor='parallel', parallel_workers=16, event_handlers=None, ignore_user_meta=False, metas=['./colcon.meta'], base_paths=['.'], packages_ignore=None, packages_ignore_regex=None, paths=None, packages_up_to=None, packages_up_to_regex=None, packages_above=None, packages_above_and_dependencies=None, packages_above_depth=None, packages_select_by_dep=None, packages_skip_by_dep=None, packages_skip_up_to=None, packages_select_build_failed=False, packages_skip_build_finished=False, packages_select_test_failures=False, packages_skip_test_passed=False, packages_select=None, packages_skip=None, packages_select_regex=None, packages_skip_regex=None, packages_start=None, packages_end=None, allow_overriding=[], cmake_args=None, cmake_target=None, cmake_target_skip_unavailable=False, cmake_clean_cache=False, cmake_clean_first=False, cmake_force_configure=False, ament_cmake_args=None, catkin_cmake_args=None, catkin_skip_building_tests=False, verb_parser=<colcon_defaults.argument_parser.defaults.DefaultArgumentsDecorator object at 0x75699e816ad0>, verb_extension=<colcon_core.verb.build.BuildVerb object at 0x75699e816590>, main=<bound method BuildVerb.main of <colcon_core.verb.build.BuildVerb object at 0x75699e816590>>)
[0.949s] Level 1:colcon.colcon_core.package_discovery:discover_packages(colcon_meta) check parameters
[0.949s] Level 1:colcon.colcon_core.package_discovery:discover_packages(recursive) check parameters
[0.949s] Level 1:colcon.colcon_core.package_discovery:discover_packages(ignore) check parameters
[0.949s] Level 1:colcon.colcon_core.package_discovery:discover_packages(path) check parameters
[0.949s] Level 1:colcon.colcon_core.package_discovery:discover_packages(colcon_meta) discover
[0.949s] Level 1:colcon.colcon_core.package_discovery:discover_packages(recursive) discover
[0.949s] INFO:colcon.colcon_core.package_discovery:Crawling recursively for packages in '/home/yuki/ros2_ws/src/mypkg/launch'
[0.950s] Level 1:colcon.colcon_core.package_identification:_identify(.) by extensions ['ignore', 'ignore_ament_install']
[0.950s] Level 1:colcon.colcon_core.package_identification:_identify(.) by extension 'ignore'
[0.950s] Level 1:colcon.colcon_core.package_identification:_identify(.) by extension 'ignore_ament_install'
[0.950s] Level 1:colcon.colcon_core.package_identification:_identify(.) by extensions ['colcon_pkg']
[0.950s] Level 1:colcon.colcon_core.package_identification:_identify(.) by extension 'colcon_pkg'
[0.950s] Level 1:colcon.colcon_core.package_identification:_identify(.) by extensions ['colcon_meta']
[0.950s] Level 1:colcon.colcon_core.package_identification:_identify(.) by extension 'colcon_meta'
[0.950s] Level 1:colcon.colcon_core.package_identification:_identify(.) by extensions ['ros']
[0.950s] Level 1:colcon.colcon_core.package_identification:_identify(.) by extension 'ros'
[0.970s] Level 1:colcon.colcon_core.package_identification:_identify(.) by extensions ['cmake', 'python']
[0.970s] Level 1:colcon.colcon_core.package_identification:_identify(.) by extension 'cmake'
[0.970s] Level 1:colcon.colcon_core.package_identification:_identify(.) by extension 'python'
[0.970s] Level 1:colcon.colcon_core.package_identification:_identify(.) by extensions ['python_setup_py']
[0.970s] Level 1:colcon.colcon_core.package_identification:_identify(.) by extension 'python_setup_py'
[0.970s] Level 1:colcon.colcon_core.package_identification:_identify(build) by extensions ['ignore', 'ignore_ament_install']
[0.970s] Level 1:colcon.colcon_core.package_identification:_identify(build) by extension 'ignore'
[0.970s] Level 1:colcon.colcon_core.package_identification:_identify(build) ignored
[0.970s] Level 1:colcon.colcon_core.package_identification:_identify(install) by extensions ['ignore', 'ignore_ament_install']
[0.971s] Level 1:colcon.colcon_core.package_identification:_identify(install) by extension 'ignore'
[0.971s] Level 1:colcon.colcon_core.package_identification:_identify(install) ignored
[0.971s] Level 1:colcon.colcon_core.package_identification:_identify(log) by extensions ['ignore', 'ignore_ament_install']
[0.971s] Level 1:colcon.colcon_core.package_identification:_identify(log) by extension 'ignore'
[0.971s] Level 1:colcon.colcon_core.package_identification:_identify(log) ignored
[0.971s] Level 1:colcon.colcon_core.package_discovery:discover_packages(recursive) using defaults
[0.971s] Level 1:colcon.colcon_core.package_discovery:discover_packages(ignore) discover
[0.971s] Level 1:colcon.colcon_core.package_discovery:discover_packages(ignore) using defaults
[0.971s] Level 1:colcon.colcon_core.package_discovery:discover_packages(path) discover
[0.971s] Level 1:colcon.colcon_core.package_discovery:discover_packages(path) using defaults
[1.022s] Level 1:colcon.colcon_core.package_discovery:discover_packages(prefix_path) check parameters
[1.022s] Level 1:colcon.colcon_core.package_discovery:discover_packages(prefix_path) discover
[1.030s] DEBUG:colcon.colcon_installed_package_information.package_discovery:Found 2 installed packages in /home/yuki/ros2_ws/install
[1.032s] DEBUG:colcon.colcon_installed_package_information.package_discovery:Found 271 installed packages in /opt/ros/humble
[1.034s] Level 1:colcon.colcon_core.package_discovery:discover_packages(prefix_path) using defaults
[1.228s] INFO:colcon.colcon_core.executor:Executing jobs using 'parallel' executor
[1.229s] DEBUG:colcon.colcon_parallel_executor.executor.parallel:run_until_complete
[1.229s] DEBUG:colcon.colcon_parallel_executor.executor.parallel:closing loop
[1.231s] DEBUG:colcon.colcon_parallel_executor.executor.parallel:loop closed
[1.232s] DEBUG:colcon.colcon_parallel_executor.executor.parallel:run_until_complete finished with '0'
[1.232s] DEBUG:colcon.colcon_core.event_reactor:joining thread
[1.285s] INFO:colcon.colcon_core.plugin_system:Skipping extension 'colcon_notification.desktop_notification.notify_send': Could not find 'notify-send'
[1.285s] INFO:colcon.colcon_core.plugin_system:Skipping extension 'colcon_notification.desktop_notification.terminal_notifier': Not used on non-Darwin systems
[1.285s] INFO:colcon.colcon_core.plugin_system:Skipping extension 'colcon_notification.desktop_notification.win32': Not used on non-Windows systems
[1.285s] INFO:colcon.colcon_notification.desktop_notification:Sending desktop notification using 'notify2'
[1.290s] DEBUG:colcon.colcon_notification.desktop_notification.notify2:Failed to initialize notify2: org.freedesktop.DBus.Error.ServiceUnknown: The name org.freedesktop.Notifications was not provided by any .service files
[1.290s] DEBUG:colcon.colcon_core.event_reactor:joined thread
[1.302s] INFO:colcon.colcon_core.plugin_system:Skipping extension 'colcon_core.shell.bat': Not used on non-Windows systems
[1.302s] INFO:colcon.colcon_core.shell:Creating prefix script '/home/yuki/ros2_ws/src/mypkg/launch/install/local_setup.ps1'
[1.305s] INFO:colcon.colcon_core.shell:Creating prefix util module '/home/yuki/ros2_ws/src/mypkg/launch/install/_local_setup_util_ps1.py'
[1.307s] INFO:colcon.colcon_core.shell:Creating prefix chain script '/home/yuki/ros2_ws/src/mypkg/launch/install/setup.ps1'
[1.309s] INFO:colcon.colcon_core.shell:Creating prefix script '/home/yuki/ros2_ws/src/mypkg/launch/install/local_setup.sh'
[1.311s] INFO:colcon.colcon_core.shell:Creating prefix util module '/home/yuki/ros2_ws/src/mypkg/launch/install/_local_setup_util_sh.py'
[1.311s] INFO:colcon.colcon_core.shell:Creating prefix chain script '/home/yuki/ros2_ws/src/mypkg/launch/install/setup.sh'
[1.313s] INFO:colcon.colcon_core.shell:Creating prefix script '/home/yuki/ros2_ws/src/mypkg/launch/install/local_setup.bash'
[1.315s] INFO:colcon.colcon_core.shell:Creating prefix chain script '/home/yuki/ros2_ws/src/mypkg/launch/install/setup.bash'
[1.317s] INFO:colcon.colcon_core.shell:Creating prefix script '/home/yuki/ros2_ws/src/mypkg/launch/install/local_setup.zsh'
[1.319s] INFO:colcon.colcon_core.shell:Creating prefix chain script '/home/yuki/ros2_ws/src/mypkg/launch/install/setup.zsh'
